<?xml version="1.0" encoding="UTF-8"?>
<!-- Generated by org.testng.reporters.JUnitReportReporter -->
<testsuite hostname="Mukesh" name="testcases.ThirdTestCase" tests="1" failures="0" timestamp="2 Jul 2017 04:58:39 GMT" time="20.497" errors="0">
  <testcase name="selectProduct" time="20.497" classname="testcases.ThirdTestCase"/>
</testsuite> <!-- testcases.ThirdTestCase -->
