<?xml version="1.0" encoding="UTF-8"?>
<!-- Generated by org.testng.reporters.JUnitReportReporter -->
<testsuite hostname="Mukesh" name="testcases.SecondTestCase2" tests="2" failures="0" timestamp="25 Jun 2017 03:51:54 GMT" time="18.258" errors="0">
  <testcase name="verifyValidUser" time="8.696" classname="testcases.SecondTestCase2"/>
  <testcase name="verifyValidUser" time="9.562" classname="testcases.SecondTestCase2"/>
</testsuite> <!-- testcases.SecondTestCase2 -->
