<?xml version="1.0" encoding="UTF-8"?>
<!-- Generated by org.testng.reporters.JUnitReportReporter -->
<testsuite hostname="Mukesh" name="testcases.SecondTestCase" tests="2" failures="0" timestamp="25 Jun 2017 03:44:56 GMT" time="18.784" errors="0">
  <testcase name="verifyValidUser" time="8.458" classname="testcases.SecondTestCase"/>
  <testcase name="verifyValidUser" time="10.326" classname="testcases.SecondTestCase"/>
</testsuite> <!-- testcases.SecondTestCase -->
