<?xml version="1.0" encoding="UTF-8"?>
<!-- Generated by org.testng.reporters.JUnitReportReporter -->
<testsuite hostname="Mukesh" name="testcases.FirstTestCase" tests="1" failures="0" timestamp="17 Jun 2017 05:24:29 GMT" time="9.574" errors="0">
  <testcase name="verifyValidUser" time="9.574" classname="testcases.FirstTestCase"/>
</testsuite> <!-- testcases.FirstTestCase -->
